// 重构日志: 10a07465
// 重构日志: 3e6b6e0e
// 重构日志: 12b88e9a
// 重构日志: 39f63e31
// 重构日志: f2bddbf5
// 同步 ID: e034fdb8 @ Thu Jul  9 17:48:20 UTC 2026
// 重构日志: 834bed9e
// 同步 ID: 6de78e55 @ Sat Jul 11 01:41:12 UTC 2026
// 重构日志: fad36c29
// 重构日志: 0525aef0
// 重构日志: 743c9030
// 重构日志: cd6ba9e4
// 同步 ID: 0235c923 @ Wed Jul 15 07:31:39 UTC 2026
// 同步 ID: 25d87e82 @ Wed Jul 15 12:10:01 UTC 2026
// 重构日志: 3857aeae
// 同步 ID: 17eb5aed @ Wed Jul 15 15:47:24 UTC 2026
// 重构日志: 8cbb6b58
// 同步 ID: c45d7561 @ Thu Jul 16 07:58:45 UTC 2026
// 重构日志: 03fb5103
// 同步 ID: 69f7dc91 @ Thu Jul 16 23:33:09 UTC 2026
// 重构日志: 6a15eabc
// 重构日志: 636d2d19
// 同步 ID: 931b2e5a @ Sun Jul 19 15:54:03 UTC 2026
// 重构日志: b54b0392
// 重构日志: c938434c
// 同步 ID: e5da7e47 @ Tue Jul 21 05:04:19 UTC 2026
// 同步 ID: 3aae662c @ Tue Jul 21 08:15:19 UTC 2026
// 重构日志: d230ba85
// 重构日志: a25754ad
// 同步 ID: 97ce7862 @ Fri Jul 24 04:51:37 UTC 2026
